2015-11-20 11:53:38,051 -INFO:    suite name	st_fcs.csv
2015-11-20 11:53:38,051 -INFO:    suite range	1
2015-11-20 11:53:38,051 -INFO:    arg1	pet2
2015-11-20 11:53:38,052 -INFO:    to run case: index 1, name: cr.py  aalag_switchtime_reboot_card_fcs.csv  bench.csv full pet2 ix-syu 1/1 1/1 1/2, failAction: continue
2015-11-20 11:53:38,052 -INFO:    creating logdir: ./log/st_fcs-csv-1-pet2-2015-11-20_115337.998000
2015-11-20 11:53:38,153 -INFO:    running case: cr.py  aalag_switchtime_reboot_card_fcs.csv  bench.csv full pet2 ix-syu 1/1 1/1 1/2
2015-11-20 11:53:38,204 -INFO:    openLogfile ix-syu in ./log/st_fcs-csv-1-pet2-2015-11-20_115337.998000/1-cr.py--aalag_switchtime_reboot_card_fcs.csv--bench.csv-ful-2015-11-20_115338.053000
2015-11-20 11:53:38,210 -INFO:    openLogfile pet2 in ./log/st_fcs-csv-1-pet2-2015-11-20_115337.998000/1-cr.py--aalag_switchtime_reboot_card_fcs.csv--bench.csv-ful-2015-11-20_115338.053000
2015-11-20 11:54:43,622 -ERROR:    FAIL	cr.py  aalag_switchtime_reboot_card_fcs.csv  bench.csv full pet2 ix-syu 1/1 1/1 1/2
2015-11-20 11:54:43,622 -ERROR:    
*********************************ERROR DUMP************************************
*logAction dump:
*	Function Name: 		run
*	Arguments: 		
*		1-cr.py--aalag_switchtime_reboot_card_fcs.csv--bench.csv-full-pet2-ix-syu-1-1-1-1-
*		{'ix-syu': <IxNetwork.IxNetwork object at 0x02844C30>, 'pet2': <e7.e7 object at 0x02844CF0>}
*		[[['pet2', 'setAutoReloginFlag(1)', '', '0', 8], ['pet2', 'try 180:show card 1/1 detail', 'Alarms:\\s*\n*\\s*<none>\\s*\n*\\s*Conditions:\\s*\n*\\s*<none>', '30', 9], ['pet2', 'try 180:show card 1/2 detail', 'Alarms:\\s*\n*\\s*<none>\\s*\n*\\s*Conditions:\\s*\n*\\s*<none>', '30', 10], ['pet2', 'try 3:show alarm', 'no:LACP Fault on Port', '30', 11], ['pet2', 'enable eth-port 1/1/x3', 'success', '30', 12], ['pet2', 'enable eth-port 1/2/x3', 'success', '30', 13], ['pet2', 'show interface as10 member', '1/1/x3\\s+enabled\\s+up in bundle', '30', 14], ['pet2', 'show interface as10 member', '1/2/x3\\s+enabled\\s+up in bundle', '30', 15], ['ix-syu', 'clearStats()', '', '0', 17], ['ix-syu', 'clearStats()', '', '0', 18], ['ix-syu', 'sleep(10)', '', '0', 19]], [['pet2', 'reboot card 1/1', 'yes', '30', 22], ['pet2', 'yes', '>', '30', 23], ['pet2', 'sleep(60)', '', '0', 24], ['ix-syu', 'checkRange("Traffic Item Statistics","multicast UDP", "Packet Loss Duration (ms)", 2000)', '', '0', 25], ['ix-syu', 'checkRange("Traffic Item Statistics","client->server", "Packet Loss Duration (ms)", 2000)', '', '0', 26], ['ix-syu', 'checkRange("Traffic Item Statistics","server->client", "Packet Loss Duration (ms)", 2000)', '', '0', 27], ['ix-syu', 'clearStats()', '', '0', 29], ['ix-syu', 'clearStats()', '', '0', 30], ['ix-syu', 'sleep(10)', '', '0', 31], ['pet2', 'try 180:relogin()', '', '0', 33], ['pet2', 'try 240:show card 1/1 detail', 'Alarms:\\s*\n*\\s*<none>\\s*\n*\\s*Conditions:\\s*\n*\\s*<none>', '30', 34], ['pet2', 'try 3:show alarm', 'no:LACP Fault on Port', '30', 35], ['ix-syu', 'checkRange("Traffic Item Statistics","multicast UDP", "Packet Loss Duration (ms)", 2000)', '', '0', 36], ['ix-syu', 'checkRange("Traffic Item Statistics","client->server", "Packet Loss Duration (ms)", 2000)', '', '0', 37], ['ix-syu', 'checkRange("Traffic Item Statistics","server->client", "Packet Loss Duration (ms)", 2000)', '', '0', 38]], []]
*		full
*		<logging.Logger object at 0x0273B6B0>
*	Keyword Arguments: 		
*-------------------------------------------------------------------------------
*ERROR MESSAGE:
*   tried 1 time(s), failed in function(singleStep),
*	arg( ['show interface as10 member', '1/1/x3\\s+enabled\\s+up in bundle', '30', False, False, False])
*	kwarg ({})
*
*Exception:pattern(1/1/x3\s+enabled\s+up in bundle) doesn't find with 30.000000, buffer is:
*--buffer start--
*show interface as10 member
*failed: LAG interface named "as10" not found.
*Roy>
*Roy>
*--buffer end here--
*
*
*Traceback (most recent call last):
*  File "runner.pyo", line 16, in inner
*  File "runner.pyo", line 202, in run
*  File "runner.pyo", line 183, in runSegment
*  File "dut.pyo", line 295, in stepCheck
*  File "dut.pyo", line 291, in retry
*ValueError: tried 1 time(s), failed in function(singleStep),
*	arg( ['show interface as10 member', '1/1/x3\\s+enabled\\s+up in bundle', '30', False, False, False])
*	kwarg ({})
*
*Exception:pattern(1/1/x3\s+enabled\s+up in bundle) doesn't find with 30.000000, buffer is:
*--buffer start--
*show interface as10 member
*failed: LAG interface named "as10" not found.
*Roy>
*Roy>
*--buffer end here--
*
*
*-------------------------------------------------------------------------------
*globals=>
*	'__author__': 'Sean Yu'
*	'__doc__': None
*	'__file__': 'c:\workspace\idash\build\bin\.\dut.pyo'
*	'__name__': 'dut'
*	'__package__': None
*	'dut': <class 'dut.dut'>
*
*locals =>
*	'FunName': 'singleStep'
*	'GetFunctionbyName': <function GetFunctionbyName at 0x02705D70>
*	'IsFail': True
*	'arg': ['show interface as10 member', '1/1/x3\s+enabled\s+up in bundle', '30', False, False, False]
*	'casename': '1-cr.py--aalag_switchtime_reboot_card_fcs.csv--bench.csv-full-pet2-ix-syu-1-1-1-1-'
*	'counter': 1
*	'e': RuntimeError('pattern(1/1/x3\s+enabled\s+up in bundle) doesn\'t find with 30.000000, buffer is:\n--buffer start--\nshow interface as10 member\r\nfailed: LAG interface named "as10" not found.\r\nRoy>\r\nRoy>\n--buffer end here--\n',)
*	'errormessage': 'pattern(1/1/x3\s+enabled\s+up in bundle) doesn\'t find with 30.000000, buffer is:\n--buffer start--\nshow interface as10 member\r\nfailed: LAG interface named "as10" not found.\r\nRoy>\r\nRoy>\n--buffer end here--\n'
*	'fun': <bound method e7.singleStep of <e7.e7 object at 0x02844CF0>>
*	'funName': 'singleStep'
*	'kwarg': {}
*	'maxtry': 1
*	'self': <e7.e7 object at 0x02844CF0>
*		'_has_poll': False
*		'attribute': {'LOGIN': '../bench/e7.login', 'SUT': 'e7', 'CMD': 'telnet 10.202.107.221'}
*		'autoReloginFlag': True
*		'cookedq': 'Roy>'
*		'debuglevel': 0
*		'eof': False
*		'host': '10.202.107.221'
*		'iacseq': ''
*		'idxSearch': 9594
*		'idxUpdate': 9594
*		'irawq': 0
*		'lockRelogin': <thread.lock object at 0x02232180>
*		'lockStreamOut': <thread.lock object at 0x022321C0>
*		'logfile': <open file 'c:\workspace\idash\build\bin\log\st_fcs-csv-1-pet2-2015-11-20_115337.998000\1-cr.py--aalag_switchtime_reboot_card_fcs.csv--bench.csv-ful-2015-11-20_115338.053000\pet2.log', mode 'wb' at 0x027CED30>
*		'logger': <logging.Logger object at 0x027379B0>
*		'loginDone': True
*		'name': 'pet2'
*		'option_callback': None
*		'port': 23
*		'rawq': ''
*		'sb': 0
*		'sbdataq': ''
*		'sock': <socket._socketobject object at 0x02843B90>
*		'streamOut': '"Roy" Thu Nov 19 07:53:08 2015\n\r\nUsername: \r\nUsername: e7support\r\nPassword: \r\nRoy>set ses time dis page dis\r\nsuccess: session updated.\r\nRoy>show card 1/1 detail\r\nInformation for card 1/1:\r\nProvisioned type        : VDSL2-48Cr2\r\nActual type             : VDSL2-48Cr2\r\nPart number             : 100-03880\r\nCLEI                    : CALIXCALIX\r\nSerial number           : 211509602928\r\nApplication version     : 2.4.45.13\r\nDatabase created        : 2015/11/19 04:25:04\r\nDatabase last updated   : 2015/11/19 07:52:34\r\nController candidate    : enabled\r\nMAC address start       : 00:02:5d:eb:27:01\r\nMAC address end         : 00:02:5d:eb:27:3c\r\nTemperature level       : fine\r\nAdmin status            : enabled\r\nOperational status      : enabled\r\nAdditional status info  : child provisioned, default provisioned, standby\r\nCritical alarms         : 0\r\nMajor alarms            : 0\r\nMinor alarms            : 0\r\nWarning conditions      : 0\r\nInfo conditions         : 0\r\n\r\nAlarms:\r\n\t<none>\r\n\r\nConditions:\r\n\t<none>\r\nRoy>show card 1/2 detail\r\nInformation for card 1/2:\r\nProvisioned type        : VDSL2-48Dr2\r\nActual type             : VDSL2-48Dr2\r\nPart number             : 100-03882\r\nCLEI                    : CALIXCALIX\r\nSerial number           : 211503600311\r\nApplication version     : 2.4.45.13\r\nDatabase created        : 2015/11/19 04:25:04\r\nDatabase last updated   : 2015/11/19 07:52:34\r\nController candidate    : enabled\r\nMAC address start       : 00:02:5d:e1:ba:58\r\nMAC address end         : 00:02:5d:e1:ba:93\r\nTemperature level       : cool\r\nAdmin status            : enabled\r\nOperational status      : enabled\r\nAdditional status info  : child provisioned, default provisioned, active\r\nCritical alarms         : 0\r\nMajor alarms            : 0\r\nMinor alarms            : 0\r\nWarning conditions      : 0\r\nInfo conditions         : 0\r\n\r\nAlarms:\r\n\t<none>\r\n\r\nConditions:\r\n\t<none>\r\nRoy>show alarm\r\nOccurred Time          Severity Alarm                                          \r\n---------------------- -------- -----------------------------------------------\r\n2015/11/19 06:44:44.79 major    DSL port "1/1/v1"\r\n                                "Loss of signal"\r\n                                 (affects service)\r\n2015/11/19 06:44:51.79 major    DSL port "1/1/v2"\r\n                                "Loss of signal"\r\n                                 (affects service)\r\n2015/11/19 06:44:51.79 major    DSL port "1/1/v3"\r\n                                "Loss of signal"\r\n                                 (affects service)\r\n2015/11/19 06:44:51.79 major    DSL port "1/1/v4"\r\n                                "Loss of signal"\r\n                                 (affects service)\r\n2015/11/19 06:44:51.80 major    DSL port "1/1/v5"\r\n                                "Loss of signal"\r\n                                 (affects service)\r\n2015/11/19 06:44:51.80 major    DSL port "1/1/v6"\r\n                                "Loss of signal"\r\n                                 (affects service)\r\n2015/11/19 06:44:50.93 major    DSL port "1/1/v7"\r\n                                "Loss of signal"\r\n                                 (affects service)\r\n2015/11/19 06:44:50.93 major    DSL port "1/1/v8"\r\n                                "Loss of signal"\r\n                                 (affects service)\r\n2015/11/19 06:44:50.93 major    DSL port "1/1/v9"\r\n                                "Loss of signal"\r\n                                 (affects service)\r\n2015/11/19 06:44:50.93 major    DSL port "1/1/v10"\r\n                                "Loss of signal"\r\n                                 (affects service)\r\n2015/11/19 06:44:50.93 major    DSL port "1/1/v11"\r\n                                "Loss of signal"\r\n                                 (affects service)\r\n2015/11/19 06:44:51.79 major    DSL port "1/1/v12"\r\n                                "Loss of signal"\r\n                                 (affects service)\r\n2015/11/19 06:44:51.80 major    DSL port "1/1/v13"\r\n                                "Loss of signal"\r\n                                 (affects service)\r\n2015/11/19 06:44:51.80 major    DSL port "1/1/v14"\r\n                                "Loss of signal"\r\n                                 (affects service)\r\n2015/11/19 06:44:51.80 major    DSL port "1/1/v15"\r\n                                "Loss of signal"\r\n                                 (affects service)\r\n2015/11/19 06:44:50.93 major    DSL port "1/1/v16"\r\n                                "Loss of signal"\r\n                                 (affects service)\r\n2015/11/19 06:44:51.80 major    DSL port "1/1/v17"\r\n                                "Loss of signal"\r\n                                 (affects service)\r\n2015/11/19 06:44:51.80 major    DSL port "1/1/v18"\r\n                                "Loss of signal"\r\n                                 (affects service)\r\n2015/11/19 06:44:51.80 major    DSL port "1/1/v19"\r\n                                "Loss of signal"\r\n                                 (affects service)\r\n2015/11/19 06:44:50.93 major    DSL port "1/1/v20"\r\n                                "Loss of signal"\r\n                                 (affects service)\r\n2015/11/19 06:44:50.93 major    DSL port "1/1/v21"\r\n                                "Loss of signal"\r\n                                 (affects service)\r\n2015/11/19 06:44:51.79 major    DSL port "1/1/v22"\r\n                                "Loss of signal"\r\n                                 (affects service)\r\n2015/11/19 06:44:51.79 major    DSL port "1/1/v23"\r\n                                "Loss of signal"\r\n                                 (affects service)\r\n2015/11/19 06:44:51.79 major    DSL port "1/1/v24"\r\n                                "Loss of signal"\r\n                                 (affects service)\r\n2015/11/19 06:44:28.79 major    DSL port "1/1/v25"\r\n                                "Loss of signal"\r\n                                 (affects service)\r\n2015/11/19 06:44:27.79 major    DSL port "1/1/v26"\r\n                                "Loss of signal"\r\n                                 (affects service)\r\n2015/11/19 06:44:27.79 major    DSL port "1/1/v27"\r\n                                "Loss of signal"\r\n                                 (affects service)\r\n2015/11/19 06:44:28.79 major    DSL port "1/1/v28"\r\n                                "Loss of signal"\r\n                                 (affects service)\r\n2015/11/19 06:44:27.79 major    DSL port "1/1/v29"\r\n                                "Loss of signal"\r\n                                 (affects service)\r\n2015/11/19 06:44:27.79 major    DSL port "1/1/v30"\r\n                                "Loss of signal"\r\n                                 (affects service)\r\n2015/11/19 06:44:28.79 major    DSL port "1/1/v31"\r\n                                "Loss of signal"\r\n                                 (affects service)\r\n2015/11/19 06:44:28.79 major    DSL port "1/1/v32"\r\n                                "Loss of signal"\r\n                                 (affects service)\r\n2015/11/19 06:44:28.79 major    DSL port "1/1/v33"\r\n                                "Loss of signal"\r\n                                 (affects service)\r\n2015/11/19 06:44:28.79 major    DSL port "1/1/v34"\r\n                                "Loss of signal"\r\n                                 (affects service)\r\n2015/11/19 06:44:04.24 major    DSL port "1/1/v35"\r\n                                "Loss of signal"\r\n                                 (affects service)\r\n2015/11/19 06:44:27.79 major    DSL port "1/1/v36"\r\n                                "Loss of signal"\r\n                                 (affects service)\r\n2015/11/19 06:44:28.79 major    DSL port "1/1/v37"\r\n                                "Loss of signal"\r\n                                 (affects service)\r\n2015/11/19 06:44:28.79 major    DSL port "1/1/v38"\r\n                                "Loss of signal"\r\n                                 (affects service)\r\n2015/11/19 06:44:27.79 major    DSL port "1/1/v39"\r\n                                "Loss of signal"\r\n                                 (affects service)\r\n2015/11/19 06:44:27.79 major    DSL port "1/1/v40"\r\n                                "Loss of signal"\r\n                                 (affects service)\r\n2015/11/19 06:44:28.79 major    DSL port "1/1/v41"\r\n                                "Loss of signal"\r\n                                 (affects service)\r\n2015/11/19 06:44:28.79 major    DSL port "1/1/v42"\r\n                                "Loss of signal"\r\n                                 (affects service)\r\n2015/11/19 06:44:27.79 major    DSL port "1/1/v43"\r\n                                "Loss of signal"\r\n                                 (affects service)\r\n2015/11/19 06:44:28.79 major    DSL port "1/1/v44"\r\n                                "Loss of signal"\r\n                                 (affects service)\r\n2015/11/19 06:44:27.79 major    DSL port "1/1/v45"\r\n                                "Loss of signal"\r\n                                 (affects service)\r\n2015/11/19 06:44:28.79 major    DSL port "1/1/v46"\r\n                                "Loss of signal"\r\n                                 (affects service)\r\n2015/11/19 06:44:28.79 major    DSL port "1/1/v47"\r\n                                "Loss of signal"\r\n                                 (affects service)\r\n2015/11/19 06:44:27.79 major    DSL port "1/1/v48"\r\n                                "Loss of signal"\r\n                                 (affects service)\r\n\r\n48 alarms found.\r\nRoy>enable eth-port 1/1/x3\r\nsuccess: Enable Ethernet port "1/1/x3".\r\nRoy>enable eth-port 1/2/x3\r\nsuccess: Enable Ethernet port "1/2/x3".\r\nRoy>show interface as10 member\r\nfailed: LAG interface named "as10" not found.\r\nRoy>\r\nRoy>'
*		'timeout': 0.5
*		'timestampCmd': 1447991678.778
*
**********************************EREOR END*************************************


Traceback (most recent call last):
  File "runner.pyo", line 460, in run1case
  File "runner.pyo", line 221, in case_runner
  File "runner.pyo", line 34, in inner
Exception: 
*********************************ERROR DUMP************************************
*logAction dump:
*	Function Name: 		run
*	Arguments: 		
*		1-cr.py--aalag_switchtime_reboot_card_fcs.csv--bench.csv-full-pet2-ix-syu-1-1-1-1-
*		{'ix-syu': <IxNetwork.IxNetwork object at 0x02844C30>, 'pet2': <e7.e7 object at 0x02844CF0>}
*		[[['pet2', 'setAutoReloginFlag(1)', '', '0', 8], ['pet2', 'try 180:show card 1/1 detail', 'Alarms:\\s*\n*\\s*<none>\\s*\n*\\s*Conditions:\\s*\n*\\s*<none>', '30', 9], ['pet2', 'try 180:show card 1/2 detail', 'Alarms:\\s*\n*\\s*<none>\\s*\n*\\s*Conditions:\\s*\n*\\s*<none>', '30', 10], ['pet2', 'try 3:show alarm', 'no:LACP Fault on Port', '30', 11], ['pet2', 'enable eth-port 1/1/x3', 'success', '30', 12], ['pet2', 'enable eth-port 1/2/x3', 'success', '30', 13], ['pet2', 'show interface as10 member', '1/1/x3\\s+enabled\\s+up in bundle', '30', 14], ['pet2', 'show interface as10 member', '1/2/x3\\s+enabled\\s+up in bundle', '30', 15], ['ix-syu', 'clearStats()', '', '0', 17], ['ix-syu', 'clearStats()', '', '0', 18], ['ix-syu', 'sleep(10)', '', '0', 19]], [['pet2', 'reboot card 1/1', 'yes', '30', 22], ['pet2', 'yes', '>', '30', 23], ['pet2', 'sleep(60)', '', '0', 24], ['ix-syu', 'checkRange("Traffic Item Statistics","multicast UDP", "Packet Loss Duration (ms)", 2000)', '', '0', 25], ['ix-syu', 'checkRange("Traffic Item Statistics","client->server", "Packet Loss Duration (ms)", 2000)', '', '0', 26], ['ix-syu', 'checkRange("Traffic Item Statistics","server->client", "Packet Loss Duration (ms)", 2000)', '', '0', 27], ['ix-syu', 'clearStats()', '', '0', 29], ['ix-syu', 'clearStats()', '', '0', 30], ['ix-syu', 'sleep(10)', '', '0', 31], ['pet2', 'try 180:relogin()', '', '0', 33], ['pet2', 'try 240:show card 1/1 detail', 'Alarms:\\s*\n*\\s*<none>\\s*\n*\\s*Conditions:\\s*\n*\\s*<none>', '30', 34], ['pet2', 'try 3:show alarm', 'no:LACP Fault on Port', '30', 35], ['ix-syu', 'checkRange("Traffic Item Statistics","multicast UDP", "Packet Loss Duration (ms)", 2000)', '', '0', 36], ['ix-syu', 'checkRange("Traffic Item Statistics","client->server", "Packet Loss Duration (ms)", 2000)', '', '0', 37], ['ix-syu', 'checkRange("Traffic Item Statistics","server->client", "Packet Loss Duration (ms)", 2000)', '', '0', 38]], []]
*		full
*		<logging.Logger object at 0x0273B6B0>
*	Keyword Arguments: 		
*-------------------------------------------------------------------------------
*ERROR MESSAGE:
*   tried 1 time(s), failed in function(singleStep),
*	arg( ['show interface as10 member', '1/1/x3\\s+enabled\\s+up in bundle', '30', False, False, False])
*	kwarg ({})
*
*Exception:pattern(1/1/x3\s+enabled\s+up in bundle) doesn't find with 30.000000, buffer is:
*--buffer start--
*show interface as10 member
*failed: LAG interface named "as10" not found.
*Roy>
*Roy>
*--buffer end here--
*
*
*Traceback (most recent call last):
*  File "runner.pyo", line 16, in inner
*  File "runner.pyo", line 202, in run
*  File "runner.pyo", line 183, in runSegment
*  File "dut.pyo", line 295, in stepCheck
*  File "dut.pyo", line 291, in retry
*ValueError: tried 1 time(s), failed in function(singleStep),
*	arg( ['show interface as10 member', '1/1/x3\\s+enabled\\s+up in bundle', '30', False, False, False])
*	kwarg ({})
*
*Exception:pattern(1/1/x3\s+enabled\s+up in bundle) doesn't find with 30.000000, buffer is:
*--buffer start--
*show interface as10 member
*failed: LAG interface named "as10" not found.
*Roy>
*Roy>
*--buffer end here--
*
*
*-------------------------------------------------------------------------------
*globals=>
*	'__author__': 'Sean Yu'
*	'__doc__': None
*	'__file__': 'c:\workspace\idash\build\bin\.\dut.pyo'
*	'__name__': 'dut'
*	'__package__': None
*	'dut': <class 'dut.dut'>
*
*locals =>
*	'FunName': 'singleStep'
*	'GetFunctionbyName': <function GetFunctionbyName at 0x02705D70>
*	'IsFail': True
*	'arg': ['show interface as10 member', '1/1/x3\s+enabled\s+up in bundle', '30', False, False, False]
*	'casename': '1-cr.py--aalag_switchtime_reboot_card_fcs.csv--bench.csv-full-pet2-ix-syu-1-1-1-1-'
*	'counter': 1
*	'e': RuntimeError('pattern(1/1/x3\s+enabled\s+up in bundle) doesn\'t find with 30.000000, buffer is:\n--buffer start--\nshow interface as10 member\r\nfailed: LAG interface named "as10" not found.\r\nRoy>\r\nRoy>\n--buffer end here--\n',)
*	'errormessage': 'pattern(1/1/x3\s+enabled\s+up in bundle) doesn\'t find with 30.000000, buffer is:\n--buffer start--\nshow interface as10 member\r\nfailed: LAG interface named "as10" not found.\r\nRoy>\r\nRoy>\n--buffer end here--\n'
*	'fun': <bound method e7.singleStep of <e7.e7 object at 0x02844CF0>>
*	'funName': 'singleStep'
*	'kwarg': {}
*	'maxtry': 1
*	'self': <e7.e7 object at 0x02844CF0>
*		'_has_poll': False
*		'attribute': {'LOGIN': '../bench/e7.login', 'SUT': 'e7', 'CMD': 'telnet 10.202.107.221'}
*		'autoReloginFlag': True
*		'cookedq': 'Roy>'
*		'debuglevel': 0
*		'eof': False
*		'host': '10.202.107.221'
*		'iacseq': ''
*		'idxSearch': 9594
*		'idxUpdate': 9594
*		'irawq': 0
*		'lockRelogin': <thread.lock object at 0x02232180>
*		'lockStreamOut': <thread.lock object at 0x022321C0>
*		'logfile': <open file 'c:\workspace\idash\build\bin\log\st_fcs-csv-1-pet2-2015-11-20_115337.998000\1-cr.py--aalag_switchtime_reboot_card_fcs.csv--bench.csv-ful-2015-11-20_115338.053000\pet2.log', mode 'wb' at 0x027CED30>
*		'logger': <logging.Logger object at 0x027379B0>
*		'loginDone': True
*		'name': 'pet2'
*		'option_callback': None
*		'port': 23
*		'rawq': ''
*		'sb': 0
*		'sbdataq': ''
*		'sock': <socket._socketobject object at 0x02843B90>
*		'streamOut': '"Roy" Thu Nov 19 07:53:08 2015\n\r\nUsername: \r\nUsername: e7support\r\nPassword: \r\nRoy>set ses time dis page dis\r\nsuccess: session updated.\r\nRoy>show card 1/1 detail\r\nInformation for card 1/1:\r\nProvisioned type        : VDSL2-48Cr2\r\nActual type             : VDSL2-48Cr2\r\nPart number             : 100-03880\r\nCLEI                    : CALIXCALIX\r\nSerial number           : 211509602928\r\nApplication version     : 2.4.45.13\r\nDatabase created        : 2015/11/19 04:25:04\r\nDatabase last updated   : 2015/11/19 07:52:34\r\nController candidate    : enabled\r\nMAC address start       : 00:02:5d:eb:27:01\r\nMAC address end         : 00:02:5d:eb:27:3c\r\nTemperature level       : fine\r\nAdmin status            : enabled\r\nOperational status      : enabled\r\nAdditional status info  : child provisioned, default provisioned, standby\r\nCritical alarms         : 0\r\nMajor alarms            : 0\r\nMinor alarms            : 0\r\nWarning conditions      : 0\r\nInfo conditions         : 0\r\n\r\nAlarms:\r\n\t<none>\r\n\r\nConditions:\r\n\t<none>\r\nRoy>show card 1/2 detail\r\nInformation for card 1/2:\r\nProvisioned type        : VDSL2-48Dr2\r\nActual type             : VDSL2-48Dr2\r\nPart number             : 100-03882\r\nCLEI                    : CALIXCALIX\r\nSerial number           : 211503600311\r\nApplication version     : 2.4.45.13\r\nDatabase created        : 2015/11/19 04:25:04\r\nDatabase last updated   : 2015/11/19 07:52:34\r\nController candidate    : enabled\r\nMAC address start       : 00:02:5d:e1:ba:58\r\nMAC address end         : 00:02:5d:e1:ba:93\r\nTemperature level       : cool\r\nAdmin status            : enabled\r\nOperational status      : enabled\r\nAdditional status info  : child provisioned, default provisioned, active\r\nCritical alarms         : 0\r\nMajor alarms            : 0\r\nMinor alarms            : 0\r\nWarning conditions      : 0\r\nInfo conditions         : 0\r\n\r\nAlarms:\r\n\t<none>\r\n\r\nConditions:\r\n\t<none>\r\nRoy>show alarm\r\nOccurred Time          Severity Alarm                                          \r\n---------------------- -------- -----------------------------------------------\r\n2015/11/19 06:44:44.79 major    DSL port "1/1/v1"\r\n                                "Loss of signal"\r\n                                 (affects service)\r\n2015/11/19 06:44:51.79 major    DSL port "1/1/v2"\r\n                                "Loss of signal"\r\n                                 (affects service)\r\n2015/11/19 06:44:51.79 major    DSL port "1/1/v3"\r\n                                "Loss of signal"\r\n                                 (affects service)\r\n2015/11/19 06:44:51.79 major    DSL port "1/1/v4"\r\n                                "Loss of signal"\r\n                                 (affects service)\r\n2015/11/19 06:44:51.80 major    DSL port "1/1/v5"\r\n                                "Loss of signal"\r\n                                 (affects service)\r\n2015/11/19 06:44:51.80 major    DSL port "1/1/v6"\r\n                                "Loss of signal"\r\n                                 (affects service)\r\n2015/11/19 06:44:50.93 major    DSL port "1/1/v7"\r\n                                "Loss of signal"\r\n                                 (affects service)\r\n2015/11/19 06:44:50.93 major    DSL port "1/1/v8"\r\n                                "Loss of signal"\r\n                                 (affects service)\r\n2015/11/19 06:44:50.93 major    DSL port "1/1/v9"\r\n                                "Loss of signal"\r\n                                 (affects service)\r\n2015/11/19 06:44:50.93 major    DSL port "1/1/v10"\r\n                                "Loss of signal"\r\n                                 (affects service)\r\n2015/11/19 06:44:50.93 major    DSL port "1/1/v11"\r\n                                "Loss of signal"\r\n                                 (affects service)\r\n2015/11/19 06:44:51.79 major    DSL port "1/1/v12"\r\n                                "Loss of signal"\r\n                                 (affects service)\r\n2015/11/19 06:44:51.80 major    DSL port "1/1/v13"\r\n                                "Loss of signal"\r\n                                 (affects service)\r\n2015/11/19 06:44:51.80 major    DSL port "1/1/v14"\r\n                                "Loss of signal"\r\n                                 (affects service)\r\n2015/11/19 06:44:51.80 major    DSL port "1/1/v15"\r\n                                "Loss of signal"\r\n                                 (affects service)\r\n2015/11/19 06:44:50.93 major    DSL port "1/1/v16"\r\n                                "Loss of signal"\r\n                                 (affects service)\r\n2015/11/19 06:44:51.80 major    DSL port "1/1/v17"\r\n                                "Loss of signal"\r\n                                 (affects service)\r\n2015/11/19 06:44:51.80 major    DSL port "1/1/v18"\r\n                                "Loss of signal"\r\n                                 (affects service)\r\n2015/11/19 06:44:51.80 major    DSL port "1/1/v19"\r\n                                "Loss of signal"\r\n                                 (affects service)\r\n2015/11/19 06:44:50.93 major    DSL port "1/1/v20"\r\n                                "Loss of signal"\r\n                                 (affects service)\r\n2015/11/19 06:44:50.93 major    DSL port "1/1/v21"\r\n                                "Loss of signal"\r\n                                 (affects service)\r\n2015/11/19 06:44:51.79 major    DSL port "1/1/v22"\r\n                                "Loss of signal"\r\n                                 (affects service)\r\n2015/11/19 06:44:51.79 major    DSL port "1/1/v23"\r\n                                "Loss of signal"\r\n                                 (affects service)\r\n2015/11/19 06:44:51.79 major    DSL port "1/1/v24"\r\n                                "Loss of signal"\r\n                                 (affects service)\r\n2015/11/19 06:44:28.79 major    DSL port "1/1/v25"\r\n                                "Loss of signal"\r\n                                 (affects service)\r\n2015/11/19 06:44:27.79 major    DSL port "1/1/v26"\r\n                                "Loss of signal"\r\n                                 (affects service)\r\n2015/11/19 06:44:27.79 major    DSL port "1/1/v27"\r\n                                "Loss of signal"\r\n                                 (affects service)\r\n2015/11/19 06:44:28.79 major    DSL port "1/1/v28"\r\n                                "Loss of signal"\r\n                                 (affects service)\r\n2015/11/19 06:44:27.79 major    DSL port "1/1/v29"\r\n                                "Loss of signal"\r\n                                 (affects service)\r\n2015/11/19 06:44:27.79 major    DSL port "1/1/v30"\r\n                                "Loss of signal"\r\n                                 (affects service)\r\n2015/11/19 06:44:28.79 major    DSL port "1/1/v31"\r\n                                "Loss of signal"\r\n                                 (affects service)\r\n2015/11/19 06:44:28.79 major    DSL port "1/1/v32"\r\n                                "Loss of signal"\r\n                                 (affects service)\r\n2015/11/19 06:44:28.79 major    DSL port "1/1/v33"\r\n                                "Loss of signal"\r\n                                 (affects service)\r\n2015/11/19 06:44:28.79 major    DSL port "1/1/v34"\r\n                                "Loss of signal"\r\n                                 (affects service)\r\n2015/11/19 06:44:04.24 major    DSL port "1/1/v35"\r\n                                "Loss of signal"\r\n                                 (affects service)\r\n2015/11/19 06:44:27.79 major    DSL port "1/1/v36"\r\n                                "Loss of signal"\r\n                                 (affects service)\r\n2015/11/19 06:44:28.79 major    DSL port "1/1/v37"\r\n                                "Loss of signal"\r\n                                 (affects service)\r\n2015/11/19 06:44:28.79 major    DSL port "1/1/v38"\r\n                                "Loss of signal"\r\n                                 (affects service)\r\n2015/11/19 06:44:27.79 major    DSL port "1/1/v39"\r\n                                "Loss of signal"\r\n                                 (affects service)\r\n2015/11/19 06:44:27.79 major    DSL port "1/1/v40"\r\n                                "Loss of signal"\r\n                                 (affects service)\r\n2015/11/19 06:44:28.79 major    DSL port "1/1/v41"\r\n                                "Loss of signal"\r\n                                 (affects service)\r\n2015/11/19 06:44:28.79 major    DSL port "1/1/v42"\r\n                                "Loss of signal"\r\n                                 (affects service)\r\n2015/11/19 06:44:27.79 major    DSL port "1/1/v43"\r\n                                "Loss of signal"\r\n                                 (affects service)\r\n2015/11/19 06:44:28.79 major    DSL port "1/1/v44"\r\n                                "Loss of signal"\r\n                                 (affects service)\r\n2015/11/19 06:44:27.79 major    DSL port "1/1/v45"\r\n                                "Loss of signal"\r\n                                 (affects service)\r\n2015/11/19 06:44:28.79 major    DSL port "1/1/v46"\r\n                                "Loss of signal"\r\n                                 (affects service)\r\n2015/11/19 06:44:28.79 major    DSL port "1/1/v47"\r\n                                "Loss of signal"\r\n                                 (affects service)\r\n2015/11/19 06:44:27.79 major    DSL port "1/1/v48"\r\n                                "Loss of signal"\r\n                                 (affects service)\r\n\r\n48 alarms found.\r\nRoy>enable eth-port 1/1/x3\r\nsuccess: Enable Ethernet port "1/1/x3".\r\nRoy>enable eth-port 1/2/x3\r\nsuccess: Enable Ethernet port "1/2/x3".\r\nRoy>show interface as10 member\r\nfailed: LAG interface named "as10" not found.\r\nRoy>\r\nRoy>'
*		'timeout': 0.5
*		'timestampCmd': 1447991678.778
*
**********************************EREOR END*************************************



2015-11-20 11:54:44,898 -INFO:    releasing dut: ix-syu
2015-11-20 11:54:44,898 -INFO:    releasing dut: pet2
